Determining if the pthread_create exist failed with the following output:
Change Dir: /home/petitbop/tps/sepc/allocateur/build/CMakeFiles/CMakeTmp

Run Build Command:/usr/bin/make "cmTryCompileExec2297500764/fast"
/usr/bin/make -f CMakeFiles/cmTryCompileExec2297500764.dir/build.make CMakeFiles/cmTryCompileExec2297500764.dir/build
make[1]: entrant dans le répertoire « /home/petitbop/tps/sepc/allocateur/build/CMakeFiles/CMakeTmp »
/usr/bin/cmake -E cmake_progress_report /home/petitbop/tps/sepc/allocateur/build/CMakeFiles/CMakeTmp/CMakeFiles 1
Building C object CMakeFiles/cmTryCompileExec2297500764.dir/CheckSymbolExists.c.o
/usr/bin/cc    -o CMakeFiles/cmTryCompileExec2297500764.dir/CheckSymbolExists.c.o   -c /home/petitbop/tps/sepc/allocateur/build/CMakeFiles/CMakeTmp/CheckSymbolExists.c
Linking C executable cmTryCompileExec2297500764
/usr/bin/cmake -E cmake_link_script CMakeFiles/cmTryCompileExec2297500764.dir/link.txt --verbose=1
/usr/bin/cc       CMakeFiles/cmTryCompileExec2297500764.dir/CheckSymbolExists.c.o  -o cmTryCompileExec2297500764 -rdynamic 
CMakeFiles/cmTryCompileExec2297500764.dir/CheckSymbolExists.c.o: dans la fonction « main »:
CheckSymbolExists.c:(.text+0xa): référence indéfinie vers « pthread_create »
collect2: error: ld returned 1 exit status
make[1]: *** [cmTryCompileExec2297500764] Erreur 1
make[1]: quittant le répertoire « /home/petitbop/tps/sepc/allocateur/build/CMakeFiles/CMakeTmp »
make: *** [cmTryCompileExec2297500764/fast] Erreur 2

File /home/petitbop/tps/sepc/allocateur/build/CMakeFiles/CMakeTmp/CheckSymbolExists.c:
/* */
#include <pthread.h>

int main(int argc, char** argv)
{
  (void)argv;
#ifndef pthread_create
  return ((int*)(&pthread_create))[argc];
#else
  (void)argc;
  return 0;
#endif
}

Determining if the function pthread_create exists in the pthreads failed with the following output:
Change Dir: /home/petitbop/tps/sepc/allocateur/build/CMakeFiles/CMakeTmp

Run Build Command:/usr/bin/make "cmTryCompileExec1497291563/fast"
/usr/bin/make -f CMakeFiles/cmTryCompileExec1497291563.dir/build.make CMakeFiles/cmTryCompileExec1497291563.dir/build
make[1]: entrant dans le répertoire « /home/petitbop/tps/sepc/allocateur/build/CMakeFiles/CMakeTmp »
/usr/bin/cmake -E cmake_progress_report /home/petitbop/tps/sepc/allocateur/build/CMakeFiles/CMakeTmp/CMakeFiles 1
Building C object CMakeFiles/cmTryCompileExec1497291563.dir/CheckFunctionExists.c.o
/usr/bin/cc   -DCHECK_FUNCTION_EXISTS=pthread_create   -o CMakeFiles/cmTryCompileExec1497291563.dir/CheckFunctionExists.c.o   -c /usr/share/cmake-2.8/Modules/CheckFunctionExists.c
Linking C executable cmTryCompileExec1497291563
/usr/bin/cmake -E cmake_link_script CMakeFiles/cmTryCompileExec1497291563.dir/link.txt --verbose=1
/usr/bin/cc   -DCHECK_FUNCTION_EXISTS=pthread_create    CMakeFiles/cmTryCompileExec1497291563.dir/CheckFunctionExists.c.o  -o cmTryCompileExec1497291563 -rdynamic -lpthreads 
/usr/bin/ld: ne peut trouver -lpthreads
collect2: error: ld returned 1 exit status
make[1]: quittant le répertoire « /home/petitbop/tps/sepc/allocateur/build/CMakeFiles/CMakeTmp »
make[1]: *** [cmTryCompileExec1497291563] Erreur 1
make: *** [cmTryCompileExec1497291563/fast] Erreur 2


